<?xml version="1.0" encoding="UTF-8"?>
<testng-results skipped="0" failed="0" ignored="0" total="1" passed="1">
  <reporter-output>
  </reporter-output>
  <suite name="https://testng.org/testng-1.0.dtd" duration-ms="3331" started-at="2020-11-14T16:15:30Z" finished-at="2020-11-14T16:15:33Z">
    <groups>
    </groups>
    <test name="Test" duration-ms="3331" started-at="2020-11-14T16:15:30Z" finished-at="2020-11-14T16:15:33Z">
      <class name="Videogameapi.TC_VideoGameAPI">
        <test-method status="PASS" signature="test_getvideogames()[pri:0, instance:Videogameapi.TC_VideoGameAPI@2aece37d]" name="test_getvideogames" duration-ms="3253" started-at="2020-11-14T16:15:30Z" finished-at="2020-11-14T16:15:33Z">
          <reporter-output>
          </reporter-output>
        </test-method> <!-- test_getvideogames -->
      </class> <!-- Videogameapi.TC_VideoGameAPI -->
    </test> <!-- Test -->
  </suite> <!-- https://testng.org/testng-1.0.dtd -->
</testng-results>
