<?xml version="1.0" encoding="UTF-8"?>
<testng-results skipped="0" failed="0" ignored="0" total="1" passed="1">
  <reporter-output>
  </reporter-output>
  <suite name="Suite" duration-ms="4100" started-at="2020-11-15T16:58:54Z" finished-at="2020-11-15T16:58:58Z">
    <groups>
    </groups>
    <test name="Test" duration-ms="4100" started-at="2020-11-15T16:58:54Z" finished-at="2020-11-15T16:58:58Z">
      <class name="Videogameapi.TC_VideoGameAPI">
        <test-method status="PASS" signature="test_getvideogames()[pri:0, instance:Videogameapi.TC_VideoGameAPI@2aece37d]" name="test_getvideogames" duration-ms="4035" started-at="2020-11-15T16:58:54Z" finished-at="2020-11-15T16:58:58Z">
          <reporter-output>
          </reporter-output>
        </test-method> <!-- test_getvideogames -->
      </class> <!-- Videogameapi.TC_VideoGameAPI -->
    </test> <!-- Test -->
  </suite> <!-- Suite -->
</testng-results>
